Starting a Gradle Daemon, 1 stopped Daemon could not be reused, use --status for details
> Task :compileJava UP-TO-DATE
> Task :processResources UP-TO-DATE
> Task :classes UP-TO-DATE
> Task :resolveMainClassName UP-TO-DATE

> Task :bootRun

  .   ____          _            __ _ _
 /\\ / ___'_ __ _ _(_)_ __  __ _ \ \ \ \
( ( )\___ | '_ | '_| | '_ \/ _` | \ \ \ \
 \\/  ___)| |_)| | | | | || (_| |  ) ) ) )
  '  |____| .__|_| |_|_| |_\__, | / / / /
 =========|_|==============|___/=/_/_/_/
 :: Spring Boot ::                (v3.2.4)

2026-02-07T16:39:36.943+05:30  INFO 56199 --- [chat-sse-app] [           main] com.example.chatsse.ChatApplication      : Starting ChatApplication using Java 21.0.2 with PID 56199 (/Users/umashav1/Study/chat-sse-app/build/classes/java/main started by umashav1 in /Users/umashav1/Study/chat-sse-app)
2026-02-07T16:39:36.944+05:30  INFO 56199 --- [chat-sse-app] [           main] com.example.chatsse.ChatApplication      : No active profile set, falling back to 1 default profile: "default"
2026-02-07T16:39:37.370+05:30  INFO 56199 --- [chat-sse-app] [           main] o.s.b.w.embedded.tomcat.TomcatWebServer  : Tomcat initialized with port 8080 (http)
2026-02-07T16:39:37.377+05:30  INFO 56199 --- [chat-sse-app] [           main] o.apache.catalina.core.StandardService   : Starting service [Tomcat]
2026-02-07T16:39:37.377+05:30  INFO 56199 --- [chat-sse-app] [           main] o.apache.catalina.core.StandardEngine    : Starting Servlet engine: [Apache Tomcat/10.1.19]
2026-02-07T16:39:37.406+05:30  INFO 56199 --- [chat-sse-app] [           main] o.a.c.c.C.[Tomcat].[localhost].[/]       : Initializing Spring embedded WebApplicationContext
2026-02-07T16:39:37.406+05:30  INFO 56199 --- [chat-sse-app] [           main] w.s.c.ServletWebServerApplicationContext : Root WebApplicationContext: initialization completed in 444 ms
2026-02-07T16:39:37.579+05:30  INFO 56199 --- [chat-sse-app] [           main] o.s.b.a.w.s.WelcomePageHandlerMapping    : Adding welcome page: class path resource [static/index.html]
2026-02-07T16:39:37.718+05:30  INFO 56199 --- [chat-sse-app] [           main] o.s.b.w.embedded.tomcat.TomcatWebServer  : Tomcat started on port 8080 (http) with context path ''
2026-02-07T16:39:37.723+05:30  INFO 56199 --- [chat-sse-app] [           main] com.example.chatsse.ChatApplication      : Started ChatApplication in 0.936 seconds (process running for 1.094)
2026-02-07T16:40:23.639+05:30  INFO 56199 --- [chat-sse-app] [nio-8080-exec-1] o.a.c.c.C.[Tomcat].[localhost].[/]       : Initializing Spring DispatcherServlet 'dispatcherServlet'
2026-02-07T16:40:23.639+05:30  INFO 56199 --- [chat-sse-app] [nio-8080-exec-1] o.s.web.servlet.DispatcherServlet        : Initializing Servlet 'dispatcherServlet'
2026-02-07T16:40:23.640+05:30  INFO 56199 --- [chat-sse-app] [nio-8080-exec-1] o.s.web.servlet.DispatcherServlet        : Completed initialization in 1 ms
2026-02-07T16:40:23.798+05:30 ERROR 56199 --- [chat-sse-app] [nio-8080-exec-1] i.n.r.d.DnsServerAddressStreamProviders  : Unable to load io.netty.resolver.dns.macos.MacOSDnsServerAddressStreamProvider, fallback to system defaults. This may result in incorrect DNS resolutions on MacOS. Check whether you have a dependency on 'io.netty:netty-resolver-dns-native-macos'. Use DEBUG level to see the full stack: java.lang.UnsatisfiedLinkError: failed to load the required native library

> Task :bootRun FAILED

[Incubating] Problems report is available at: file:///Users/umashav1/Study/chat-sse-app/build/reports/problems/problems-report.html

FAILURE: Build failed with an exception.

* What went wrong:
Execution failed for task ':bootRun'.
> Process 'command '/Users/umashav1/openjdk21/jdk-21.0.2.jdk/Contents/Home/bin/java'' finished with non-zero exit value 137

* Try:
> Run with --stacktrace option to get the stack trace.
> Run with --info or --debug option to get more log output.
> Run with --scan to get full insights.
> Get more help at https://help.gradle.org.

Deprecated Gradle features were used in this build, making it incompatible with Gradle 9.0.

You can use '--warning-mode all' to show the individual deprecation warnings and determine if they come from your own scripts or plugins.

For more on this, please refer to https://docs.gradle.org/8.14/userguide/command_line_interface.html#sec:command_line_warnings in the Gradle documentation.

BUILD FAILED in 1m 22s
4 actionable tasks: 1 executed, 3 up-to-date
