npm warn Unknown user config "always-auth". This will stop working in the next major version of npm.
npm warn Unknown user config "email". This will stop working in the next major version of npm.
npm warn Unknown user config "always-auth" (//navify.jfrog.io/navify/api/npm/navify-npm-local/:always-auth). This will stop working in the next major version of npm.
npm warn Unknown user config "//strict-ssl". This will stop working in the next major version of npm.
npm warn Unknown user config "vishwas.umashankar.vu1@roche.com" (//navify.jfrog.io/navify/api/npm/navify-npm/:vishwas.umashankar.vu1@roche.com). This will stop working in the next major version of npm.
npm warn Unknown user config "unsafe-perm". This will stop working in the next major version of npm.
npm warn Unknown user config "export NODE_OPTIONS". This will stop working in the next major version of npm.

> chat-sse-frontend@0.1.0 start
> react-scripts start

[baseline-browser-mapping] The data in this module is over two months old.  To ensure accurate Baseline data, please update: `npm i baseline-browser-mapping@latest -D`
(node:56303) [DEP_WEBPACK_DEV_SERVER_ON_AFTER_SETUP_MIDDLEWARE] DeprecationWarning: 'onAfterSetupMiddleware' option is deprecated. Please use the 'setupMiddlewares' option.
(Use `node --trace-deprecation ...` to show where the warning was created)
(node:56303) [DEP_WEBPACK_DEV_SERVER_ON_BEFORE_SETUP_MIDDLEWARE] DeprecationWarning: 'onBeforeSetupMiddleware' option is deprecated. Please use the 'setupMiddlewares' option.
Starting the development server...

Compiled successfully!

You can now view chat-sse-frontend in the browser.

  Local:            http://localhost:3000
  On Your Network:  http://192.168.29.75:3000

Note that the development build is not optimized.
To create a production build, use npm run build.

webpack compiled successfully
The build failed because the process exited too early. This probably means the system ran out of memory or someone called `kill -9` on the process.
